[15:56:11.900] [INFO] storybook v10.3.6
[15:56:13.128] [DEBUG] Getting package.json info for /Users/tactics/Work/gertvdb/React/Locale/package.json...
[15:56:14.276] [DEBUG] Serving static files from [36mpublic[39m at [36m/[39m
[15:56:14.281] [INFO] Starting...
[15:56:14.546] [WARN] 💡 This seems to be an MDX2 syntax error. Please refer to the MDX section in the following resource for assistance on how to fix this: [33mhttps://github.com/storybookjs/storybook/blob/next/MIGRATION.md#mdx2-upgrade[39m
[15:56:14.654] [DEBUG] Starting preview..
[15:56:14.724] [WARN] 🚨 Unable to index ./examples/Example4/Docs.mdx:
  Error: Expected the closing tag `</code>` either after the end of `emphasis` (25:20) or another opening tag after the start of `emphasis` (24:22)
    at file:///Users/tactics/Work/gertvdb/React/Locale/node_modules/storybook/dist/core-server/index.js:6033:24
    at async Promise.all (index 3)
    at async Promise.all (index 0)
    at async _StoryIndexGenerator.updateExtracted (file:///Users/tactics/Work/gertvdb/React/Locale/node_modules/storybook/dist/core-server/index.js:6016:5)
    at async _StoryIndexGenerator.ensureExtracted (file:///Users/tactics/Work/gertvdb/React/Locale/node_modules/storybook/dist/core-server/index.js:6053:8)
    at async _StoryIndexGenerator.initialize (file:///Users/tactics/Work/gertvdb/React/Locale/node_modules/storybook/dist/core-server/index.js:6012:5)
    at async file:///Users/tactics/Work/gertvdb/React/Locale/node_modules/storybook/dist/core-server/presets/common-preset.js:1855:10
[15:56:14.727] [ERROR] Failed to build the preview
[15:56:14.729] [ERROR] Error: Unable to index ./examples/Example4/Docs.mdx
    at _StoryIndexGenerator.getIndexAndStats (file://./node_modules/storybook/dist/core-server/index.js:6282:15)
    at async _StoryIndexGenerator.getIndex (file://./node_modules/storybook/dist/core-server/index.js:6271:13)
    at async getOptimizeDeps (file://./node_modules/@storybook/builder-vite/dist/index.js:1862:15)
    at async createViteServer (file://./node_modules/@storybook/builder-vite/dist/index.js:1888:19)
    at async Module.start (file://./node_modules/@storybook/builder-vite/dist/index.js:1923:17)
    at async storybookDevServer (file://./node_modules/storybook/dist/core-server/index.js:7503:83)
    at async buildOrThrow (file://./node_modules/storybook/dist/core-server/index.js:4508:12)
    at async buildDevStandalone (file://./node_modules/storybook/dist/core-server/index.js:8033:41)
    at async withTelemetry (file://./node_modules/storybook/dist/_node-chunks/chunk-UYONHJJP.js:225:12)
    at async dev (file://./node_modules/storybook/dist/bin/core.js:2736:3)
[15:56:14.732] [WARN] Broken build, fix the error above.
You may need to refresh the browser.
[15:56:16.827] [PROMPT] Would you like to send anonymous crash reports to improve Storybook and fix bugs faster? {"choice":true}